[2024-02-20 18:13:26,785] multiqc                                            [DEBUG  ]  This is MultiQC v1.12
[2024-02-20 18:13:26,785] multiqc                                            [DEBUG  ]  No MultiQC config found: /usr/lib/python3/dist-packages/multiqc_config.yaml
[2024-02-20 18:13:26,785] multiqc                                            [DEBUG  ]  No MultiQC config found: /axolote/diana/.multiqc_config.yaml
[2024-02-20 18:13:26,785] multiqc                                            [DEBUG  ]  No MultiQC config found: multiqc_config.yaml
[2024-02-20 18:13:26,785] multiqc                                            [DEBUG  ]  Command used: /axolote/diana/.local/bin/multiqc results/fasqc/DR1014-E_1_fastqc.zip results/fasqc/DR1014-E_2_fastqc.zip results/fasqc/DR1014-SAH_1_fastqc.zip results/fasqc/DR1014-SAH_2_fastqc.zip results/fasqc/DR1015-SAH_1_fastqc.zip results/fasqc/DR1015-SAH_2_fastqc.zip results/fasqc/DR1018-E_1_fastqc.zip results/fasqc/DR1018-E_2_fastqc.zip results/fasqc/DR1018-SAH_1_fastqc.zip results/fasqc/DR1018-SAH_2_fastqc.zip results/fasqc/DR1019-E_1_fastqc.zip results/fasqc/DR1019-E_2_fastqc.zip results/fasqc/DR1019-SAH_1_fastqc.zip results/fasqc/DR1019-SAH_2_fastqc.zip results/fasqc/DR1020-SAH_1_fastqc.zip results/fasqc/DR1020-SAH_2_fastqc.zip results/fasqc/DR1021-SAH_1_fastqc.zip results/fasqc/DR1021-SAH_2_fastqc.zip results/fasqc/DR1025-E_1_fastqc.zip results/fasqc/DR1025-E_2_fastqc.zip results/fasqc/DR1025-SAH_1_fastqc.zip results/fasqc/DR1025-SAH_2_fastqc.zip results/fasqc/DR1027-E_1_fastqc.zip results/fasqc/DR1027-E_2_fastqc.zip results/fasqc/DR1027-H_1_fastqc.zip results/fasqc/DR1027-H_2_fastqc.zip results/fasqc/DR1027-SAH_1_fastqc.zip results/fasqc/DR1027-SAH_2_fastqc.zip results/fasqc/DR1028-SAH_1_fastqc.zip results/fasqc/DR1028-SAH_2_fastqc.zip results/fasqc/DR1029-SAH_1_fastqc.zip results/fasqc/DR1029-SAH_2_fastqc.zip results/fasqc/DR1030-E_1_fastqc.zip results/fasqc/DR1030-E_2_fastqc.zip results/fasqc/DR1030-SAH_1_fastqc.zip results/fasqc/DR1030-SAH_2_fastqc.zip results/fasqc/DR1034-SAH_1_fastqc.zip results/fasqc/DR1034-SAH_2_fastqc.zip results/fasqc/DR1035-E_1_fastqc.zip results/fasqc/DR1035-E_2_fastqc.zip results/fasqc/DR1035-H_1_fastqc.zip results/fasqc/DR1035-H_2_fastqc.zip results/fasqc/DR1035-SAH_1_fastqc.zip results/fasqc/DR1035-SAH_2_fastqc.zip results/fasqc/DR1036-SAH_1_fastqc.zip results/fasqc/DR1036-SAH_2_fastqc.zip results/fasqc/DR1038-A-SAH_1_fastqc.zip results/fasqc/DR1038-A-SAH_2_fastqc.zip results/fasqc/DR1038-SAH_1_fastqc.zip results/fasqc/DR1038-SAH_2_fastqc.zip results/fasqc/DR1039-SAH_1_fastqc.zip results/fasqc/DR1039-SAH_2_fastqc.zip results/fasqc/DR1040-SAH_1_fastqc.zip results/fasqc/DR1040-SAH_2_fastqc.zip results/fasqc/DR1041-E_1_fastqc.zip results/fasqc/DR1041-E_2_fastqc.zip results/fasqc/DR1041-H_1_fastqc.zip results/fasqc/DR1041-H_2_fastqc.zip results/fasqc/DR1041-SAH_1_fastqc.zip results/fasqc/DR1041-SAH_2_fastqc.zip results/fasqc/DR1042-E_1_fastqc.zip results/fasqc/DR1042-E_2_fastqc.zip results/fasqc/DR1042-H_1_fastqc.zip results/fasqc/DR1042-H_2_fastqc.zip results/fasqc/DR1042-SAH_1_fastqc.zip results/fasqc/DR1042-SAH_2_fastqc.zip results/fasqc/DR1043-E_1_fastqc.zip results/fasqc/DR1043-E_2_fastqc.zip results/fasqc/DR1043-H_1_fastqc.zip results/fasqc/DR1043-H_2_fastqc.zip results/fasqc/DR1043-SAH_1_fastqc.zip results/fasqc/DR1043-SAH_2_fastqc.zip results/fasqc/DR1044-E_1_fastqc.zip results/fasqc/DR1044-E_2_fastqc.zip results/fasqc/DR1044-SAH_1_fastqc.zip results/fasqc/DR1044-SAH_2_fastqc.zip results/fasqc/DR1045-E_1_fastqc.zip results/fasqc/DR1045-E_2_fastqc.zip results/fasqc/DR1045-H_1_fastqc.zip results/fasqc/DR1045-H_2_fastqc.zip results/fasqc/DR1045-SAH_1_fastqc.zip results/fasqc/DR1045-SAH_2_fastqc.zip results/fasqc/DR1046-E_1_fastqc.zip results/fasqc/DR1046-E_2_fastqc.zip results/fasqc/DR1046-H_1_fastqc.zip results/fasqc/DR1046-H_2_fastqc.zip results/fasqc/DR1046-SAH_1_fastqc.zip results/fasqc/DR1046-SAH_2_fastqc.zip results/fasqc/DR1047-E_1_fastqc.zip results/fasqc/DR1047-E_2_fastqc.zip results/fasqc/DR1047-H_1_fastqc.zip results/fasqc/DR1047-H_2_fastqc.zip results/fasqc/DR1047-SAH_1_fastqc.zip results/fasqc/DR1047-SAH_2_fastqc.zip results/fasqc/DR1048-E_1_fastqc.zip results/fasqc/DR1048-E_2_fastqc.zip results/fasqc/DR1048-H_1_fastqc.zip results/fasqc/DR1048-H_2_fastqc.zip results/fasqc/DR1048-SAH_1_fastqc.zip results/fasqc/DR1048-SAH_2_fastqc.zip results/fasqc/DR1049-E_1_fastqc.zip results/fasqc/DR1049-E_2_fastqc.zip results/fasqc/DR1049-H_1_fastqc.zip results/fasqc/DR1049-H_2_fastqc.zip results/fasqc/DR1049-SAH_1_fastqc.zip results/fasqc/DR1049-SAH_2_fastqc.zip results/fasqc/E-10_1_fastqc.zip results/fasqc/E-10_2_fastqc.zip results/fasqc/E-1_1_fastqc.zip results/fasqc/E-1_2_fastqc.zip results/fasqc/E-2_1_fastqc.zip results/fasqc/E-2_2_fastqc.zip results/fasqc/E-3_1_fastqc.zip results/fasqc/E-3_2_fastqc.zip results/fasqc/E-4_1_fastqc.zip results/fasqc/E-4_2_fastqc.zip results/fasqc/E-5_1_fastqc.zip results/fasqc/E-5_2_fastqc.zip results/fasqc/E-6_1_fastqc.zip results/fasqc/E-6_2_fastqc.zip results/fasqc/E-7_1_fastqc.zip results/fasqc/E-7_2_fastqc.zip results/fasqc/E-8_1_fastqc.zip results/fasqc/E-8_2_fastqc.zip results/fasqc/E-9_1_fastqc.zip results/fasqc/E-9_2_fastqc.zip results/fasqc/H-10_1_fastqc.zip results/fasqc/H-10_2_fastqc.zip results/fasqc/H-1_1_fastqc.zip results/fasqc/H-1_2_fastqc.zip results/fasqc/H-2_1_fastqc.zip results/fasqc/H-2_2_fastqc.zip results/fasqc/H-3_1_fastqc.zip results/fasqc/H-3_2_fastqc.zip results/fasqc/H-4_1_fastqc.zip results/fasqc/H-4_2_fastqc.zip results/fasqc/H-5_1_fastqc.zip results/fasqc/H-5_2_fastqc.zip results/fasqc/H-6_1_fastqc.zip results/fasqc/H-6_2_fastqc.zip results/fasqc/H-7_1_fastqc.zip results/fasqc/H-7_2_fastqc.zip results/fasqc/H-8_1_fastqc.zip results/fasqc/H-8_2_fastqc.zip results/fasqc/H-9_1_fastqc.zip results/fasqc/H-9_2_fastqc.zip results/fasqc/SAH-10_1_fastqc.zip results/fasqc/SAH-10_2_fastqc.zip results/fasqc/SAH-1_1_fastqc.zip results/fasqc/SAH-1_2_fastqc.zip results/fasqc/SAH-2_1_fastqc.zip results/fasqc/SAH-2_2_fastqc.zip results/fasqc/SAH-3_1_fastqc.zip results/fasqc/SAH-3_2_fastqc.zip results/fasqc/SAH-4_1_fastqc.zip results/fasqc/SAH-4_2_fastqc.zip results/fasqc/SAH-5_1_fastqc.zip results/fasqc/SAH-5_2_fastqc.zip results/fasqc/SAH-6_1_fastqc.zip results/fasqc/SAH-6_2_fastqc.zip results/fasqc/SAH-7_1_fastqc.zip results/fasqc/SAH-7_2_fastqc.zip results/fasqc/SAH-8_1_fastqc.zip results/fasqc/SAH-8_2_fastqc.zip results/fasqc/SAH-9_1_fastqc.zip results/fasqc/SAH-9_2_fastqc.zip -o results/fastqc/multiqc_raw_report
[2024-02-20 18:13:27,239] multiqc                                            [WARNING]  MultiQC Version v1.20 now available!
[2024-02-20 18:13:27,239] multiqc                                            [DEBUG  ]  Command     : /axolote/diana/.local/bin/multiqc results/fasqc/DR1014-E_1_fastqc.zip results/fasqc/DR1014-E_2_fastqc.zip results/fasqc/DR1014-SAH_1_fastqc.zip results/fasqc/DR1014-SAH_2_fastqc.zip results/fasqc/DR1015-SAH_1_fastqc.zip results/fasqc/DR1015-SAH_2_fastqc.zip results/fasqc/DR1018-E_1_fastqc.zip results/fasqc/DR1018-E_2_fastqc.zip results/fasqc/DR1018-SAH_1_fastqc.zip results/fasqc/DR1018-SAH_2_fastqc.zip results/fasqc/DR1019-E_1_fastqc.zip results/fasqc/DR1019-E_2_fastqc.zip results/fasqc/DR1019-SAH_1_fastqc.zip results/fasqc/DR1019-SAH_2_fastqc.zip results/fasqc/DR1020-SAH_1_fastqc.zip results/fasqc/DR1020-SAH_2_fastqc.zip results/fasqc/DR1021-SAH_1_fastqc.zip results/fasqc/DR1021-SAH_2_fastqc.zip results/fasqc/DR1025-E_1_fastqc.zip results/fasqc/DR1025-E_2_fastqc.zip results/fasqc/DR1025-SAH_1_fastqc.zip results/fasqc/DR1025-SAH_2_fastqc.zip results/fasqc/DR1027-E_1_fastqc.zip results/fasqc/DR1027-E_2_fastqc.zip results/fasqc/DR1027-H_1_fastqc.zip results/fasqc/DR1027-H_2_fastqc.zip results/fasqc/DR1027-SAH_1_fastqc.zip results/fasqc/DR1027-SAH_2_fastqc.zip results/fasqc/DR1028-SAH_1_fastqc.zip results/fasqc/DR1028-SAH_2_fastqc.zip results/fasqc/DR1029-SAH_1_fastqc.zip results/fasqc/DR1029-SAH_2_fastqc.zip results/fasqc/DR1030-E_1_fastqc.zip results/fasqc/DR1030-E_2_fastqc.zip results/fasqc/DR1030-SAH_1_fastqc.zip results/fasqc/DR1030-SAH_2_fastqc.zip results/fasqc/DR1034-SAH_1_fastqc.zip results/fasqc/DR1034-SAH_2_fastqc.zip results/fasqc/DR1035-E_1_fastqc.zip results/fasqc/DR1035-E_2_fastqc.zip results/fasqc/DR1035-H_1_fastqc.zip results/fasqc/DR1035-H_2_fastqc.zip results/fasqc/DR1035-SAH_1_fastqc.zip results/fasqc/DR1035-SAH_2_fastqc.zip results/fasqc/DR1036-SAH_1_fastqc.zip results/fasqc/DR1036-SAH_2_fastqc.zip results/fasqc/DR1038-A-SAH_1_fastqc.zip results/fasqc/DR1038-A-SAH_2_fastqc.zip results/fasqc/DR1038-SAH_1_fastqc.zip results/fasqc/DR1038-SAH_2_fastqc.zip results/fasqc/DR1039-SAH_1_fastqc.zip results/fasqc/DR1039-SAH_2_fastqc.zip results/fasqc/DR1040-SAH_1_fastqc.zip results/fasqc/DR1040-SAH_2_fastqc.zip results/fasqc/DR1041-E_1_fastqc.zip results/fasqc/DR1041-E_2_fastqc.zip results/fasqc/DR1041-H_1_fastqc.zip results/fasqc/DR1041-H_2_fastqc.zip results/fasqc/DR1041-SAH_1_fastqc.zip results/fasqc/DR1041-SAH_2_fastqc.zip results/fasqc/DR1042-E_1_fastqc.zip results/fasqc/DR1042-E_2_fastqc.zip results/fasqc/DR1042-H_1_fastqc.zip results/fasqc/DR1042-H_2_fastqc.zip results/fasqc/DR1042-SAH_1_fastqc.zip results/fasqc/DR1042-SAH_2_fastqc.zip results/fasqc/DR1043-E_1_fastqc.zip results/fasqc/DR1043-E_2_fastqc.zip results/fasqc/DR1043-H_1_fastqc.zip results/fasqc/DR1043-H_2_fastqc.zip results/fasqc/DR1043-SAH_1_fastqc.zip results/fasqc/DR1043-SAH_2_fastqc.zip results/fasqc/DR1044-E_1_fastqc.zip results/fasqc/DR1044-E_2_fastqc.zip results/fasqc/DR1044-SAH_1_fastqc.zip results/fasqc/DR1044-SAH_2_fastqc.zip results/fasqc/DR1045-E_1_fastqc.zip results/fasqc/DR1045-E_2_fastqc.zip results/fasqc/DR1045-H_1_fastqc.zip results/fasqc/DR1045-H_2_fastqc.zip results/fasqc/DR1045-SAH_1_fastqc.zip results/fasqc/DR1045-SAH_2_fastqc.zip results/fasqc/DR1046-E_1_fastqc.zip results/fasqc/DR1046-E_2_fastqc.zip results/fasqc/DR1046-H_1_fastqc.zip results/fasqc/DR1046-H_2_fastqc.zip results/fasqc/DR1046-SAH_1_fastqc.zip results/fasqc/DR1046-SAH_2_fastqc.zip results/fasqc/DR1047-E_1_fastqc.zip results/fasqc/DR1047-E_2_fastqc.zip results/fasqc/DR1047-H_1_fastqc.zip results/fasqc/DR1047-H_2_fastqc.zip results/fasqc/DR1047-SAH_1_fastqc.zip results/fasqc/DR1047-SAH_2_fastqc.zip results/fasqc/DR1048-E_1_fastqc.zip results/fasqc/DR1048-E_2_fastqc.zip results/fasqc/DR1048-H_1_fastqc.zip results/fasqc/DR1048-H_2_fastqc.zip results/fasqc/DR1048-SAH_1_fastqc.zip results/fasqc/DR1048-SAH_2_fastqc.zip results/fasqc/DR1049-E_1_fastqc.zip results/fasqc/DR1049-E_2_fastqc.zip results/fasqc/DR1049-H_1_fastqc.zip results/fasqc/DR1049-H_2_fastqc.zip results/fasqc/DR1049-SAH_1_fastqc.zip results/fasqc/DR1049-SAH_2_fastqc.zip results/fasqc/E-10_1_fastqc.zip results/fasqc/E-10_2_fastqc.zip results/fasqc/E-1_1_fastqc.zip results/fasqc/E-1_2_fastqc.zip results/fasqc/E-2_1_fastqc.zip results/fasqc/E-2_2_fastqc.zip results/fasqc/E-3_1_fastqc.zip results/fasqc/E-3_2_fastqc.zip results/fasqc/E-4_1_fastqc.zip results/fasqc/E-4_2_fastqc.zip results/fasqc/E-5_1_fastqc.zip results/fasqc/E-5_2_fastqc.zip results/fasqc/E-6_1_fastqc.zip results/fasqc/E-6_2_fastqc.zip results/fasqc/E-7_1_fastqc.zip results/fasqc/E-7_2_fastqc.zip results/fasqc/E-8_1_fastqc.zip results/fasqc/E-8_2_fastqc.zip results/fasqc/E-9_1_fastqc.zip results/fasqc/E-9_2_fastqc.zip results/fasqc/H-10_1_fastqc.zip results/fasqc/H-10_2_fastqc.zip results/fasqc/H-1_1_fastqc.zip results/fasqc/H-1_2_fastqc.zip results/fasqc/H-2_1_fastqc.zip results/fasqc/H-2_2_fastqc.zip results/fasqc/H-3_1_fastqc.zip results/fasqc/H-3_2_fastqc.zip results/fasqc/H-4_1_fastqc.zip results/fasqc/H-4_2_fastqc.zip results/fasqc/H-5_1_fastqc.zip results/fasqc/H-5_2_fastqc.zip results/fasqc/H-6_1_fastqc.zip results/fasqc/H-6_2_fastqc.zip results/fasqc/H-7_1_fastqc.zip results/fasqc/H-7_2_fastqc.zip results/fasqc/H-8_1_fastqc.zip results/fasqc/H-8_2_fastqc.zip results/fasqc/H-9_1_fastqc.zip results/fasqc/H-9_2_fastqc.zip results/fasqc/SAH-10_1_fastqc.zip results/fasqc/SAH-10_2_fastqc.zip results/fasqc/SAH-1_1_fastqc.zip results/fasqc/SAH-1_2_fastqc.zip results/fasqc/SAH-2_1_fastqc.zip results/fasqc/SAH-2_2_fastqc.zip results/fasqc/SAH-3_1_fastqc.zip results/fasqc/SAH-3_2_fastqc.zip results/fasqc/SAH-4_1_fastqc.zip results/fasqc/SAH-4_2_fastqc.zip results/fasqc/SAH-5_1_fastqc.zip results/fasqc/SAH-5_2_fastqc.zip results/fasqc/SAH-6_1_fastqc.zip results/fasqc/SAH-6_2_fastqc.zip results/fasqc/SAH-7_1_fastqc.zip results/fasqc/SAH-7_2_fastqc.zip results/fasqc/SAH-8_1_fastqc.zip results/fasqc/SAH-8_2_fastqc.zip results/fasqc/SAH-9_1_fastqc.zip results/fasqc/SAH-9_2_fastqc.zip -o results/fastqc/multiqc_raw_report
[2024-02-20 18:13:27,239] multiqc                                            [DEBUG  ]  Working dir : /axolote/diana/diana/macrogen_all/pisolithus
[2024-02-20 18:13:27,240] multiqc                                            [DEBUG  ]  Template    : default
[2024-02-20 18:13:27,240] multiqc                                            [DEBUG  ]  Running Python 3.10.12 (main, Nov 20 2023, 15:14:05) [GCC 11.4.0]
[2024-02-20 18:13:27,240] multiqc                                            [DEBUG  ]  Analysing modules: custom_content, ccs, ngsderive, purple, conpair, lima, peddy, somalier, methylQA, mosdepth, phantompeakqualtools, qualimap, preseq, quast, qorts, rna_seqc, rockhopper, rsem, rseqc, busco, bustools, goleft_indexcov, gffcompare, disambiguate, supernova, deeptools, sargasso, verifybamid, mirtrace, happy, mirtop, sambamba, homer, hops, macs2, theta2, snpeff, gatk, htseq, bcftools, featureCounts, fgbio, dragen, dedup, pbmarkdup, damageprofiler, biobambam2, jcvi, mtnucratio, picard, vep, sentieon, prokka, qc3C, nanostat, samblaster, samtools, sexdeterrmine, eigenstratdatabasetools, bamtools, jellyfish, vcftools, longranger, stacks, varscan2, snippy, bbmap, bismark, biscuit, hicexplorer, hicup, hicpro, salmon, kallisto, slamdunk, star, hisat2, tophat, bowtie2, bowtie1, snpsplit, odgi, pangolin, kat, leehom, adapterRemoval, clipandmerge, cutadapt, flexbar, kaiju, kraken, malt, trimmomatic, sickle, skewer, sortmerna, biobloomtools, fastq_screen, afterqc, fastp, fastqc, pychopper, pycoqc, minionqc, multivcfanalyzer, clusterflow, checkqc, bcl2fastq, bclconvert, interop, ivar, flash, seqyclean, optitype, whatshap
[2024-02-20 18:13:27,241] multiqc                                            [DEBUG  ]  Using temporary directory for creating report: /tmp/tmpzbzu183h
[2024-02-20 18:13:27,242] multiqc                                            [INFO   ]  Search path : /axolote/diana/diana/macrogen_all/pisolithus/results/fasqc/DR1014-E_1_fastqc.zip
[2024-02-20 18:13:27,242] multiqc                                            [INFO   ]  Search path : /axolote/diana/diana/macrogen_all/pisolithus/results/fasqc/DR1014-E_2_fastqc.zip
[2024-02-20 18:13:27,243] multiqc                                            [INFO   ]  Search path : /axolote/diana/diana/macrogen_all/pisolithus/results/fasqc/DR1014-SAH_1_fastqc.zip
[2024-02-20 18:13:27,243] multiqc                                            [INFO   ]  Search path : /axolote/diana/diana/macrogen_all/pisolithus/results/fasqc/DR1014-SAH_2_fastqc.zip
[2024-02-20 18:13:27,243] multiqc                                            [INFO   ]  Search path : /axolote/diana/diana/macrogen_all/pisolithus/results/fasqc/DR1015-SAH_1_fastqc.zip
[2024-02-20 18:13:27,243] multiqc                                            [INFO   ]  Search path : /axolote/diana/diana/macrogen_all/pisolithus/results/fasqc/DR1015-SAH_2_fastqc.zip
[2024-02-20 18:13:27,243] multiqc                                            [INFO   ]  Search path : /axolote/diana/diana/macrogen_all/pisolithus/results/fasqc/DR1018-E_1_fastqc.zip
[2024-02-20 18:13:27,243] multiqc                                            [INFO   ]  Search path : /axolote/diana/diana/macrogen_all/pisolithus/results/fasqc/DR1018-E_2_fastqc.zip
[2024-02-20 18:13:27,243] multiqc                                            [INFO   ]  Search path : /axolote/diana/diana/macrogen_all/pisolithus/results/fasqc/DR1018-SAH_1_fastqc.zip
[2024-02-20 18:13:27,243] multiqc                                            [INFO   ]  Search path : /axolote/diana/diana/macrogen_all/pisolithus/results/fasqc/DR1018-SAH_2_fastqc.zip
[2024-02-20 18:13:27,243] multiqc                                            [INFO   ]  Search path : /axolote/diana/diana/macrogen_all/pisolithus/results/fasqc/DR1019-E_1_fastqc.zip
[2024-02-20 18:13:27,243] multiqc                                            [INFO   ]  Search path : /axolote/diana/diana/macrogen_all/pisolithus/results/fasqc/DR1019-E_2_fastqc.zip
[2024-02-20 18:13:27,244] multiqc                                            [INFO   ]  Search path : /axolote/diana/diana/macrogen_all/pisolithus/results/fasqc/DR1019-SAH_1_fastqc.zip
[2024-02-20 18:13:27,244] multiqc                                            [INFO   ]  Search path : /axolote/diana/diana/macrogen_all/pisolithus/results/fasqc/DR1019-SAH_2_fastqc.zip
[2024-02-20 18:13:27,244] multiqc                                            [INFO   ]  Search path : /axolote/diana/diana/macrogen_all/pisolithus/results/fasqc/DR1020-SAH_1_fastqc.zip
[2024-02-20 18:13:27,244] multiqc                                            [INFO   ]  Search path : /axolote/diana/diana/macrogen_all/pisolithus/results/fasqc/DR1020-SAH_2_fastqc.zip
[2024-02-20 18:13:27,244] multiqc                                            [INFO   ]  Search path : /axolote/diana/diana/macrogen_all/pisolithus/results/fasqc/DR1021-SAH_1_fastqc.zip
[2024-02-20 18:13:27,244] multiqc                                            [INFO   ]  Search path : /axolote/diana/diana/macrogen_all/pisolithus/results/fasqc/DR1021-SAH_2_fastqc.zip
[2024-02-20 18:13:27,244] multiqc                                            [INFO   ]  Search path : /axolote/diana/diana/macrogen_all/pisolithus/results/fasqc/DR1025-E_1_fastqc.zip
[2024-02-20 18:13:27,244] multiqc                                            [INFO   ]  Search path : /axolote/diana/diana/macrogen_all/pisolithus/results/fasqc/DR1025-E_2_fastqc.zip
[2024-02-20 18:13:27,244] multiqc                                            [INFO   ]  Search path : /axolote/diana/diana/macrogen_all/pisolithus/results/fasqc/DR1025-SAH_1_fastqc.zip
[2024-02-20 18:13:27,244] multiqc                                            [INFO   ]  Search path : /axolote/diana/diana/macrogen_all/pisolithus/results/fasqc/DR1025-SAH_2_fastqc.zip
[2024-02-20 18:13:27,245] multiqc                                            [INFO   ]  Search path : /axolote/diana/diana/macrogen_all/pisolithus/results/fasqc/DR1027-E_1_fastqc.zip
[2024-02-20 18:13:27,245] multiqc                                            [INFO   ]  Search path : /axolote/diana/diana/macrogen_all/pisolithus/results/fasqc/DR1027-E_2_fastqc.zip
[2024-02-20 18:13:27,245] multiqc                                            [INFO   ]  Search path : /axolote/diana/diana/macrogen_all/pisolithus/results/fasqc/DR1027-H_1_fastqc.zip
[2024-02-20 18:13:27,245] multiqc                                            [INFO   ]  Search path : /axolote/diana/diana/macrogen_all/pisolithus/results/fasqc/DR1027-H_2_fastqc.zip
[2024-02-20 18:13:27,245] multiqc                                            [INFO   ]  Search path : /axolote/diana/diana/macrogen_all/pisolithus/results/fasqc/DR1027-SAH_1_fastqc.zip
[2024-02-20 18:13:27,245] multiqc                                            [INFO   ]  Search path : /axolote/diana/diana/macrogen_all/pisolithus/results/fasqc/DR1027-SAH_2_fastqc.zip
[2024-02-20 18:13:27,245] multiqc                                            [INFO   ]  Search path : /axolote/diana/diana/macrogen_all/pisolithus/results/fasqc/DR1028-SAH_1_fastqc.zip
[2024-02-20 18:13:27,245] multiqc                                            [INFO   ]  Search path : /axolote/diana/diana/macrogen_all/pisolithus/results/fasqc/DR1028-SAH_2_fastqc.zip
[2024-02-20 18:13:27,245] multiqc                                            [INFO   ]  Search path : /axolote/diana/diana/macrogen_all/pisolithus/results/fasqc/DR1029-SAH_1_fastqc.zip
[2024-02-20 18:13:27,245] multiqc                                            [INFO   ]  Search path : /axolote/diana/diana/macrogen_all/pisolithus/results/fasqc/DR1029-SAH_2_fastqc.zip
[2024-02-20 18:13:27,246] multiqc                                            [INFO   ]  Search path : /axolote/diana/diana/macrogen_all/pisolithus/results/fasqc/DR1030-E_1_fastqc.zip
[2024-02-20 18:13:27,246] multiqc                                            [INFO   ]  Search path : /axolote/diana/diana/macrogen_all/pisolithus/results/fasqc/DR1030-E_2_fastqc.zip
[2024-02-20 18:13:27,246] multiqc                                            [INFO   ]  Search path : /axolote/diana/diana/macrogen_all/pisolithus/results/fasqc/DR1030-SAH_1_fastqc.zip
[2024-02-20 18:13:27,246] multiqc                                            [INFO   ]  Search path : /axolote/diana/diana/macrogen_all/pisolithus/results/fasqc/DR1030-SAH_2_fastqc.zip
[2024-02-20 18:13:27,246] multiqc                                            [INFO   ]  Search path : /axolote/diana/diana/macrogen_all/pisolithus/results/fasqc/DR1034-SAH_1_fastqc.zip
[2024-02-20 18:13:27,246] multiqc                                            [INFO   ]  Search path : /axolote/diana/diana/macrogen_all/pisolithus/results/fasqc/DR1034-SAH_2_fastqc.zip
[2024-02-20 18:13:27,246] multiqc                                            [INFO   ]  Search path : /axolote/diana/diana/macrogen_all/pisolithus/results/fasqc/DR1035-E_1_fastqc.zip
[2024-02-20 18:13:27,246] multiqc                                            [INFO   ]  Search path : /axolote/diana/diana/macrogen_all/pisolithus/results/fasqc/DR1035-E_2_fastqc.zip
[2024-02-20 18:13:27,246] multiqc                                            [INFO   ]  Search path : /axolote/diana/diana/macrogen_all/pisolithus/results/fasqc/DR1035-H_1_fastqc.zip
[2024-02-20 18:13:27,246] multiqc                                            [INFO   ]  Search path : /axolote/diana/diana/macrogen_all/pisolithus/results/fasqc/DR1035-H_2_fastqc.zip
[2024-02-20 18:13:27,246] multiqc                                            [INFO   ]  Search path : /axolote/diana/diana/macrogen_all/pisolithus/results/fasqc/DR1035-SAH_1_fastqc.zip
[2024-02-20 18:13:27,247] multiqc                                            [INFO   ]  Search path : /axolote/diana/diana/macrogen_all/pisolithus/results/fasqc/DR1035-SAH_2_fastqc.zip
[2024-02-20 18:13:27,247] multiqc                                            [INFO   ]  Search path : /axolote/diana/diana/macrogen_all/pisolithus/results/fasqc/DR1036-SAH_1_fastqc.zip
[2024-02-20 18:13:27,247] multiqc                                            [INFO   ]  Search path : /axolote/diana/diana/macrogen_all/pisolithus/results/fasqc/DR1036-SAH_2_fastqc.zip
[2024-02-20 18:13:27,247] multiqc                                            [INFO   ]  Search path : /axolote/diana/diana/macrogen_all/pisolithus/results/fasqc/DR1038-A-SAH_1_fastqc.zip
[2024-02-20 18:13:27,247] multiqc                                            [INFO   ]  Search path : /axolote/diana/diana/macrogen_all/pisolithus/results/fasqc/DR1038-A-SAH_2_fastqc.zip
[2024-02-20 18:13:27,247] multiqc                                            [INFO   ]  Search path : /axolote/diana/diana/macrogen_all/pisolithus/results/fasqc/DR1038-SAH_1_fastqc.zip
[2024-02-20 18:13:27,247] multiqc                                            [INFO   ]  Search path : /axolote/diana/diana/macrogen_all/pisolithus/results/fasqc/DR1038-SAH_2_fastqc.zip
[2024-02-20 18:13:27,247] multiqc                                            [INFO   ]  Search path : /axolote/diana/diana/macrogen_all/pisolithus/results/fasqc/DR1039-SAH_1_fastqc.zip
[2024-02-20 18:13:27,247] multiqc                                            [INFO   ]  Search path : /axolote/diana/diana/macrogen_all/pisolithus/results/fasqc/DR1039-SAH_2_fastqc.zip
[2024-02-20 18:13:27,247] multiqc                                            [INFO   ]  Search path : /axolote/diana/diana/macrogen_all/pisolithus/results/fasqc/DR1040-SAH_1_fastqc.zip
[2024-02-20 18:13:27,247] multiqc                                            [INFO   ]  Search path : /axolote/diana/diana/macrogen_all/pisolithus/results/fasqc/DR1040-SAH_2_fastqc.zip
[2024-02-20 18:13:27,248] multiqc                                            [INFO   ]  Search path : /axolote/diana/diana/macrogen_all/pisolithus/results/fasqc/DR1041-E_1_fastqc.zip
[2024-02-20 18:13:27,248] multiqc                                            [INFO   ]  Search path : /axolote/diana/diana/macrogen_all/pisolithus/results/fasqc/DR1041-E_2_fastqc.zip
[2024-02-20 18:13:27,248] multiqc                                            [INFO   ]  Search path : /axolote/diana/diana/macrogen_all/pisolithus/results/fasqc/DR1041-H_1_fastqc.zip
[2024-02-20 18:13:27,248] multiqc                                            [INFO   ]  Search path : /axolote/diana/diana/macrogen_all/pisolithus/results/fasqc/DR1041-H_2_fastqc.zip
[2024-02-20 18:13:27,248] multiqc                                            [INFO   ]  Search path : /axolote/diana/diana/macrogen_all/pisolithus/results/fasqc/DR1041-SAH_1_fastqc.zip
[2024-02-20 18:13:27,248] multiqc                                            [INFO   ]  Search path : /axolote/diana/diana/macrogen_all/pisolithus/results/fasqc/DR1041-SAH_2_fastqc.zip
[2024-02-20 18:13:27,248] multiqc                                            [INFO   ]  Search path : /axolote/diana/diana/macrogen_all/pisolithus/results/fasqc/DR1042-E_1_fastqc.zip
[2024-02-20 18:13:27,248] multiqc                                            [INFO   ]  Search path : /axolote/diana/diana/macrogen_all/pisolithus/results/fasqc/DR1042-E_2_fastqc.zip
[2024-02-20 18:13:27,248] multiqc                                            [INFO   ]  Search path : /axolote/diana/diana/macrogen_all/pisolithus/results/fasqc/DR1042-H_1_fastqc.zip
[2024-02-20 18:13:27,248] multiqc                                            [INFO   ]  Search path : /axolote/diana/diana/macrogen_all/pisolithus/results/fasqc/DR1042-H_2_fastqc.zip
[2024-02-20 18:13:27,249] multiqc                                            [INFO   ]  Search path : /axolote/diana/diana/macrogen_all/pisolithus/results/fasqc/DR1042-SAH_1_fastqc.zip
[2024-02-20 18:13:27,249] multiqc                                            [INFO   ]  Search path : /axolote/diana/diana/macrogen_all/pisolithus/results/fasqc/DR1042-SAH_2_fastqc.zip
[2024-02-20 18:13:27,249] multiqc                                            [INFO   ]  Search path : /axolote/diana/diana/macrogen_all/pisolithus/results/fasqc/DR1043-E_1_fastqc.zip
[2024-02-20 18:13:27,249] multiqc                                            [INFO   ]  Search path : /axolote/diana/diana/macrogen_all/pisolithus/results/fasqc/DR1043-E_2_fastqc.zip
[2024-02-20 18:13:27,249] multiqc                                            [INFO   ]  Search path : /axolote/diana/diana/macrogen_all/pisolithus/results/fasqc/DR1043-H_1_fastqc.zip
[2024-02-20 18:13:27,249] multiqc                                            [INFO   ]  Search path : /axolote/diana/diana/macrogen_all/pisolithus/results/fasqc/DR1043-H_2_fastqc.zip
[2024-02-20 18:13:27,249] multiqc                                            [INFO   ]  Search path : /axolote/diana/diana/macrogen_all/pisolithus/results/fasqc/DR1043-SAH_1_fastqc.zip
[2024-02-20 18:13:27,249] multiqc                                            [INFO   ]  Search path : /axolote/diana/diana/macrogen_all/pisolithus/results/fasqc/DR1043-SAH_2_fastqc.zip
[2024-02-20 18:13:27,249] multiqc                                            [INFO   ]  Search path : /axolote/diana/diana/macrogen_all/pisolithus/results/fasqc/DR1044-E_1_fastqc.zip
[2024-02-20 18:13:27,249] multiqc                                            [INFO   ]  Search path : /axolote/diana/diana/macrogen_all/pisolithus/results/fasqc/DR1044-E_2_fastqc.zip
[2024-02-20 18:13:27,249] multiqc                                            [INFO   ]  Search path : /axolote/diana/diana/macrogen_all/pisolithus/results/fasqc/DR1044-SAH_1_fastqc.zip
[2024-02-20 18:13:27,250] multiqc                                            [INFO   ]  Search path : /axolote/diana/diana/macrogen_all/pisolithus/results/fasqc/DR1044-SAH_2_fastqc.zip
[2024-02-20 18:13:27,250] multiqc                                            [INFO   ]  Search path : /axolote/diana/diana/macrogen_all/pisolithus/results/fasqc/DR1045-E_1_fastqc.zip
[2024-02-20 18:13:27,250] multiqc                                            [INFO   ]  Search path : /axolote/diana/diana/macrogen_all/pisolithus/results/fasqc/DR1045-E_2_fastqc.zip
[2024-02-20 18:13:27,250] multiqc                                            [INFO   ]  Search path : /axolote/diana/diana/macrogen_all/pisolithus/results/fasqc/DR1045-H_1_fastqc.zip
[2024-02-20 18:13:27,250] multiqc                                            [INFO   ]  Search path : /axolote/diana/diana/macrogen_all/pisolithus/results/fasqc/DR1045-H_2_fastqc.zip
[2024-02-20 18:13:27,250] multiqc                                            [INFO   ]  Search path : /axolote/diana/diana/macrogen_all/pisolithus/results/fasqc/DR1045-SAH_1_fastqc.zip
[2024-02-20 18:13:27,250] multiqc                                            [INFO   ]  Search path : /axolote/diana/diana/macrogen_all/pisolithus/results/fasqc/DR1045-SAH_2_fastqc.zip
[2024-02-20 18:13:27,250] multiqc                                            [INFO   ]  Search path : /axolote/diana/diana/macrogen_all/pisolithus/results/fasqc/DR1046-E_1_fastqc.zip
[2024-02-20 18:13:27,250] multiqc                                            [INFO   ]  Search path : /axolote/diana/diana/macrogen_all/pisolithus/results/fasqc/DR1046-E_2_fastqc.zip
[2024-02-20 18:13:27,250] multiqc                                            [INFO   ]  Search path : /axolote/diana/diana/macrogen_all/pisolithus/results/fasqc/DR1046-H_1_fastqc.zip
[2024-02-20 18:13:27,251] multiqc                                            [INFO   ]  Search path : /axolote/diana/diana/macrogen_all/pisolithus/results/fasqc/DR1046-H_2_fastqc.zip
[2024-02-20 18:13:27,251] multiqc                                            [INFO   ]  Search path : /axolote/diana/diana/macrogen_all/pisolithus/results/fasqc/DR1046-SAH_1_fastqc.zip
[2024-02-20 18:13:27,251] multiqc                                            [INFO   ]  Search path : /axolote/diana/diana/macrogen_all/pisolithus/results/fasqc/DR1046-SAH_2_fastqc.zip
[2024-02-20 18:13:27,251] multiqc                                            [INFO   ]  Search path : /axolote/diana/diana/macrogen_all/pisolithus/results/fasqc/DR1047-E_1_fastqc.zip
[2024-02-20 18:13:27,251] multiqc                                            [INFO   ]  Search path : /axolote/diana/diana/macrogen_all/pisolithus/results/fasqc/DR1047-E_2_fastqc.zip
[2024-02-20 18:13:27,251] multiqc                                            [INFO   ]  Search path : /axolote/diana/diana/macrogen_all/pisolithus/results/fasqc/DR1047-H_1_fastqc.zip
[2024-02-20 18:13:27,251] multiqc                                            [INFO   ]  Search path : /axolote/diana/diana/macrogen_all/pisolithus/results/fasqc/DR1047-H_2_fastqc.zip
[2024-02-20 18:13:27,251] multiqc                                            [INFO   ]  Search path : /axolote/diana/diana/macrogen_all/pisolithus/results/fasqc/DR1047-SAH_1_fastqc.zip
[2024-02-20 18:13:27,251] multiqc                                            [INFO   ]  Search path : /axolote/diana/diana/macrogen_all/pisolithus/results/fasqc/DR1047-SAH_2_fastqc.zip
[2024-02-20 18:13:27,251] multiqc                                            [INFO   ]  Search path : /axolote/diana/diana/macrogen_all/pisolithus/results/fasqc/DR1048-E_1_fastqc.zip
[2024-02-20 18:13:27,251] multiqc                                            [INFO   ]  Search path : /axolote/diana/diana/macrogen_all/pisolithus/results/fasqc/DR1048-E_2_fastqc.zip
[2024-02-20 18:13:27,252] multiqc                                            [INFO   ]  Search path : /axolote/diana/diana/macrogen_all/pisolithus/results/fasqc/DR1048-H_1_fastqc.zip
[2024-02-20 18:13:27,252] multiqc                                            [INFO   ]  Search path : /axolote/diana/diana/macrogen_all/pisolithus/results/fasqc/DR1048-H_2_fastqc.zip
[2024-02-20 18:13:27,252] multiqc                                            [INFO   ]  Search path : /axolote/diana/diana/macrogen_all/pisolithus/results/fasqc/DR1048-SAH_1_fastqc.zip
[2024-02-20 18:13:27,252] multiqc                                            [INFO   ]  Search path : /axolote/diana/diana/macrogen_all/pisolithus/results/fasqc/DR1048-SAH_2_fastqc.zip
[2024-02-20 18:13:27,252] multiqc                                            [INFO   ]  Search path : /axolote/diana/diana/macrogen_all/pisolithus/results/fasqc/DR1049-E_1_fastqc.zip
[2024-02-20 18:13:27,252] multiqc                                            [INFO   ]  Search path : /axolote/diana/diana/macrogen_all/pisolithus/results/fasqc/DR1049-E_2_fastqc.zip
[2024-02-20 18:13:27,252] multiqc                                            [INFO   ]  Search path : /axolote/diana/diana/macrogen_all/pisolithus/results/fasqc/DR1049-H_1_fastqc.zip
[2024-02-20 18:13:27,252] multiqc                                            [INFO   ]  Search path : /axolote/diana/diana/macrogen_all/pisolithus/results/fasqc/DR1049-H_2_fastqc.zip
[2024-02-20 18:13:27,252] multiqc                                            [INFO   ]  Search path : /axolote/diana/diana/macrogen_all/pisolithus/results/fasqc/DR1049-SAH_1_fastqc.zip
[2024-02-20 18:13:27,252] multiqc                                            [INFO   ]  Search path : /axolote/diana/diana/macrogen_all/pisolithus/results/fasqc/DR1049-SAH_2_fastqc.zip
[2024-02-20 18:13:27,252] multiqc                                            [INFO   ]  Search path : /axolote/diana/diana/macrogen_all/pisolithus/results/fasqc/E-10_1_fastqc.zip
[2024-02-20 18:13:27,252] multiqc                                            [INFO   ]  Search path : /axolote/diana/diana/macrogen_all/pisolithus/results/fasqc/E-10_2_fastqc.zip
[2024-02-20 18:13:27,252] multiqc                                            [INFO   ]  Search path : /axolote/diana/diana/macrogen_all/pisolithus/results/fasqc/E-1_1_fastqc.zip
[2024-02-20 18:13:27,252] multiqc                                            [INFO   ]  Search path : /axolote/diana/diana/macrogen_all/pisolithus/results/fasqc/E-1_2_fastqc.zip
[2024-02-20 18:13:27,252] multiqc                                            [INFO   ]  Search path : /axolote/diana/diana/macrogen_all/pisolithus/results/fasqc/E-2_1_fastqc.zip
[2024-02-20 18:13:27,252] multiqc                                            [INFO   ]  Search path : /axolote/diana/diana/macrogen_all/pisolithus/results/fasqc/E-2_2_fastqc.zip
[2024-02-20 18:13:27,252] multiqc                                            [INFO   ]  Search path : /axolote/diana/diana/macrogen_all/pisolithus/results/fasqc/E-3_1_fastqc.zip
[2024-02-20 18:13:27,252] multiqc                                            [INFO   ]  Search path : /axolote/diana/diana/macrogen_all/pisolithus/results/fasqc/E-3_2_fastqc.zip
[2024-02-20 18:13:27,252] multiqc                                            [INFO   ]  Search path : /axolote/diana/diana/macrogen_all/pisolithus/results/fasqc/E-4_1_fastqc.zip
[2024-02-20 18:13:27,252] multiqc                                            [INFO   ]  Search path : /axolote/diana/diana/macrogen_all/pisolithus/results/fasqc/E-4_2_fastqc.zip
[2024-02-20 18:13:27,252] multiqc                                            [INFO   ]  Search path : /axolote/diana/diana/macrogen_all/pisolithus/results/fasqc/E-5_1_fastqc.zip
[2024-02-20 18:13:27,253] multiqc                                            [INFO   ]  Search path : /axolote/diana/diana/macrogen_all/pisolithus/results/fasqc/E-5_2_fastqc.zip
[2024-02-20 18:13:27,253] multiqc                                            [INFO   ]  Search path : /axolote/diana/diana/macrogen_all/pisolithus/results/fasqc/E-6_1_fastqc.zip
[2024-02-20 18:13:27,253] multiqc                                            [INFO   ]  Search path : /axolote/diana/diana/macrogen_all/pisolithus/results/fasqc/E-6_2_fastqc.zip
[2024-02-20 18:13:27,253] multiqc                                            [INFO   ]  Search path : /axolote/diana/diana/macrogen_all/pisolithus/results/fasqc/E-7_1_fastqc.zip
[2024-02-20 18:13:27,253] multiqc                                            [INFO   ]  Search path : /axolote/diana/diana/macrogen_all/pisolithus/results/fasqc/E-7_2_fastqc.zip
[2024-02-20 18:13:27,253] multiqc                                            [INFO   ]  Search path : /axolote/diana/diana/macrogen_all/pisolithus/results/fasqc/E-8_1_fastqc.zip
[2024-02-20 18:13:27,253] multiqc                                            [INFO   ]  Search path : /axolote/diana/diana/macrogen_all/pisolithus/results/fasqc/E-8_2_fastqc.zip
[2024-02-20 18:13:27,253] multiqc                                            [INFO   ]  Search path : /axolote/diana/diana/macrogen_all/pisolithus/results/fasqc/E-9_1_fastqc.zip
[2024-02-20 18:13:27,253] multiqc                                            [INFO   ]  Search path : /axolote/diana/diana/macrogen_all/pisolithus/results/fasqc/E-9_2_fastqc.zip
[2024-02-20 18:13:27,253] multiqc                                            [INFO   ]  Search path : /axolote/diana/diana/macrogen_all/pisolithus/results/fasqc/H-10_1_fastqc.zip
[2024-02-20 18:13:27,253] multiqc                                            [INFO   ]  Search path : /axolote/diana/diana/macrogen_all/pisolithus/results/fasqc/H-10_2_fastqc.zip
[2024-02-20 18:13:27,253] multiqc                                            [INFO   ]  Search path : /axolote/diana/diana/macrogen_all/pisolithus/results/fasqc/H-1_1_fastqc.zip
[2024-02-20 18:13:27,253] multiqc                                            [INFO   ]  Search path : /axolote/diana/diana/macrogen_all/pisolithus/results/fasqc/H-1_2_fastqc.zip
[2024-02-20 18:13:27,253] multiqc                                            [INFO   ]  Search path : /axolote/diana/diana/macrogen_all/pisolithus/results/fasqc/H-2_1_fastqc.zip
[2024-02-20 18:13:27,253] multiqc                                            [INFO   ]  Search path : /axolote/diana/diana/macrogen_all/pisolithus/results/fasqc/H-2_2_fastqc.zip
[2024-02-20 18:13:27,253] multiqc                                            [INFO   ]  Search path : /axolote/diana/diana/macrogen_all/pisolithus/results/fasqc/H-3_1_fastqc.zip
[2024-02-20 18:13:27,253] multiqc                                            [INFO   ]  Search path : /axolote/diana/diana/macrogen_all/pisolithus/results/fasqc/H-3_2_fastqc.zip
[2024-02-20 18:13:27,253] multiqc                                            [INFO   ]  Search path : /axolote/diana/diana/macrogen_all/pisolithus/results/fasqc/H-4_1_fastqc.zip
[2024-02-20 18:13:27,253] multiqc                                            [INFO   ]  Search path : /axolote/diana/diana/macrogen_all/pisolithus/results/fasqc/H-4_2_fastqc.zip
[2024-02-20 18:13:27,253] multiqc                                            [INFO   ]  Search path : /axolote/diana/diana/macrogen_all/pisolithus/results/fasqc/H-5_1_fastqc.zip
[2024-02-20 18:13:27,253] multiqc                                            [INFO   ]  Search path : /axolote/diana/diana/macrogen_all/pisolithus/results/fasqc/H-5_2_fastqc.zip
[2024-02-20 18:13:27,253] multiqc                                            [INFO   ]  Search path : /axolote/diana/diana/macrogen_all/pisolithus/results/fasqc/H-6_1_fastqc.zip
[2024-02-20 18:13:27,253] multiqc                                            [INFO   ]  Search path : /axolote/diana/diana/macrogen_all/pisolithus/results/fasqc/H-6_2_fastqc.zip
[2024-02-20 18:13:27,253] multiqc                                            [INFO   ]  Search path : /axolote/diana/diana/macrogen_all/pisolithus/results/fasqc/H-7_1_fastqc.zip
[2024-02-20 18:13:27,253] multiqc                                            [INFO   ]  Search path : /axolote/diana/diana/macrogen_all/pisolithus/results/fasqc/H-7_2_fastqc.zip
[2024-02-20 18:13:27,253] multiqc                                            [INFO   ]  Search path : /axolote/diana/diana/macrogen_all/pisolithus/results/fasqc/H-8_1_fastqc.zip
[2024-02-20 18:13:27,253] multiqc                                            [INFO   ]  Search path : /axolote/diana/diana/macrogen_all/pisolithus/results/fasqc/H-8_2_fastqc.zip
[2024-02-20 18:13:27,254] multiqc                                            [INFO   ]  Search path : /axolote/diana/diana/macrogen_all/pisolithus/results/fasqc/H-9_1_fastqc.zip
[2024-02-20 18:13:27,254] multiqc                                            [INFO   ]  Search path : /axolote/diana/diana/macrogen_all/pisolithus/results/fasqc/H-9_2_fastqc.zip
[2024-02-20 18:13:27,254] multiqc                                            [INFO   ]  Search path : /axolote/diana/diana/macrogen_all/pisolithus/results/fasqc/SAH-10_1_fastqc.zip
[2024-02-20 18:13:27,254] multiqc                                            [INFO   ]  Search path : /axolote/diana/diana/macrogen_all/pisolithus/results/fasqc/SAH-10_2_fastqc.zip
[2024-02-20 18:13:27,254] multiqc                                            [INFO   ]  Search path : /axolote/diana/diana/macrogen_all/pisolithus/results/fasqc/SAH-1_1_fastqc.zip
[2024-02-20 18:13:27,254] multiqc                                            [INFO   ]  Search path : /axolote/diana/diana/macrogen_all/pisolithus/results/fasqc/SAH-1_2_fastqc.zip
[2024-02-20 18:13:27,254] multiqc                                            [INFO   ]  Search path : /axolote/diana/diana/macrogen_all/pisolithus/results/fasqc/SAH-2_1_fastqc.zip
[2024-02-20 18:13:27,254] multiqc                                            [INFO   ]  Search path : /axolote/diana/diana/macrogen_all/pisolithus/results/fasqc/SAH-2_2_fastqc.zip
[2024-02-20 18:13:27,254] multiqc                                            [INFO   ]  Search path : /axolote/diana/diana/macrogen_all/pisolithus/results/fasqc/SAH-3_1_fastqc.zip
[2024-02-20 18:13:27,254] multiqc                                            [INFO   ]  Search path : /axolote/diana/diana/macrogen_all/pisolithus/results/fasqc/SAH-3_2_fastqc.zip
[2024-02-20 18:13:27,254] multiqc                                            [INFO   ]  Search path : /axolote/diana/diana/macrogen_all/pisolithus/results/fasqc/SAH-4_1_fastqc.zip
[2024-02-20 18:13:27,254] multiqc                                            [INFO   ]  Search path : /axolote/diana/diana/macrogen_all/pisolithus/results/fasqc/SAH-4_2_fastqc.zip
[2024-02-20 18:13:27,254] multiqc                                            [INFO   ]  Search path : /axolote/diana/diana/macrogen_all/pisolithus/results/fasqc/SAH-5_1_fastqc.zip
[2024-02-20 18:13:27,254] multiqc                                            [INFO   ]  Search path : /axolote/diana/diana/macrogen_all/pisolithus/results/fasqc/SAH-5_2_fastqc.zip
[2024-02-20 18:13:27,254] multiqc                                            [INFO   ]  Search path : /axolote/diana/diana/macrogen_all/pisolithus/results/fasqc/SAH-6_1_fastqc.zip
[2024-02-20 18:13:27,254] multiqc                                            [INFO   ]  Search path : /axolote/diana/diana/macrogen_all/pisolithus/results/fasqc/SAH-6_2_fastqc.zip
[2024-02-20 18:13:27,254] multiqc                                            [INFO   ]  Search path : /axolote/diana/diana/macrogen_all/pisolithus/results/fasqc/SAH-7_1_fastqc.zip
[2024-02-20 18:13:27,254] multiqc                                            [INFO   ]  Search path : /axolote/diana/diana/macrogen_all/pisolithus/results/fasqc/SAH-7_2_fastqc.zip
[2024-02-20 18:13:27,254] multiqc                                            [INFO   ]  Search path : /axolote/diana/diana/macrogen_all/pisolithus/results/fasqc/SAH-8_1_fastqc.zip
[2024-02-20 18:13:27,254] multiqc                                            [INFO   ]  Search path : /axolote/diana/diana/macrogen_all/pisolithus/results/fasqc/SAH-8_2_fastqc.zip
[2024-02-20 18:13:27,254] multiqc                                            [INFO   ]  Search path : /axolote/diana/diana/macrogen_all/pisolithus/results/fasqc/SAH-9_1_fastqc.zip
[2024-02-20 18:13:27,254] multiqc                                            [INFO   ]  Search path : /axolote/diana/diana/macrogen_all/pisolithus/results/fasqc/SAH-9_2_fastqc.zip
[2024-02-20 18:13:27,592] multiqc.plots.linegraph                            [DEBUG  ]  Using matplotlib version 3.6.2
[2024-02-20 18:13:27,593] multiqc.plots.bargraph                             [DEBUG  ]  Using matplotlib version 3.6.2
[2024-02-20 18:13:28,930] multiqc.modules.fastqc.fastqc                      [INFO   ]  Found 166 reports
[2024-02-20 18:13:36,203] multiqc                                            [INFO   ]  Compressing plot data
[2024-02-20 18:13:36,317] multiqc                                            [INFO   ]  Report      : results/fastqc/multiqc_raw_report/multiqc_report.html
[2024-02-20 18:13:36,317] multiqc                                            [INFO   ]  Data        : results/fastqc/multiqc_raw_report/multiqc_data
[2024-02-20 18:13:36,318] multiqc                                            [DEBUG  ]  Moving data file from '/tmp/tmpzbzu183h/multiqc_data' to 'results/fastqc/multiqc_raw_report/multiqc_data'
[2024-02-20 18:13:36,397] multiqc                                            [INFO   ]  MultiQC complete
[2024-02-20 18:13:36,397] multiqc                                            [WARNING]  7 flat-image plots used in the report due to large sample numbers
